nohup: ignoring input
 * Serving Flask app 'app'
 * Debug mode: on
INFO:werkzeug:[31m[1mWARNING: This is a development server. Do not use it in a production deployment. Use a production WSGI server instead.[0m
 * Running on http://127.0.0.1:8002
INFO:werkzeug:[33mPress CTRL+C to quit[0m
INFO:werkzeug: * Restarting with stat
WARNING:werkzeug: * Debugger is active!
INFO:werkzeug: * Debugger PIN: 135-385-738
INFO:werkzeug:127.0.0.1 - - [15/Sep/2025 22:02:01] "GET / HTTP/1.1" 200 -
INFO:werkzeug:127.0.0.1 - - [15/Sep/2025 22:02:09] "POST /send-login-code HTTP/1.1" 200 -
INFO:werkzeug:127.0.0.1 - - [15/Sep/2025 22:03:25] "POST /send-login-code HTTP/1.1" 200 -
INFO:werkzeug: * Detected change in '/home/amenard/UMANv2/UMANv2/demo_email_providers.py', reloading
[UMAN] Login code email to test.resend@exemple.com: Bonjour,

Voici votre code de connexion UMan: 736712

Ce code est valide pendant 15 minutes.

Si vous n'avez pas demandé ce code, ignorez ce message.

UMan API
[UMAN] Login code email to seiadammenard@gmail.com: Bonjour,

Voici votre code de connexion UMan: 752384

Ce code est valide pendant 15 minutes.

Si vous n'avez pas demandé ce code, ignorez ce message.

UMan API
INFO:werkzeug: * Restarting with stat
WARNING:werkzeug: * Debugger is active!
INFO:werkzeug: * Debugger PIN: 135-385-738
